<?xml version="1.0" encoding="UTF-8"?>
<testng-results ignored="0" total="1" passed="1" failed="0" skipped="0">
  <reporter-output>
  </reporter-output>
  <suite started-at="2024-12-03T10:23:08 IST" name="Default suite" finished-at="2024-12-03T10:23:27 IST" duration-ms="19488">
    <groups>
    </groups>
    <test started-at="2024-12-03T10:23:08 IST" name="Default test" finished-at="2024-12-03T10:23:27 IST" duration-ms="19488">
      <class name="pim_Selenium4_Automation.Login">
        <test-method is-config="true" signature="setUp()[pri:0, instance:pim_Selenium4_Automation.Login@6b927fb]" started-at="2024-12-03T10:23:08 IST" name="setUp" finished-at="2024-12-03T10:23:11 IST" duration-ms="2912" status="PASS">
          <reporter-output>
          </reporter-output>
        </test-method> <!-- setUp -->
        <test-method signature="login()[pri:0, instance:pim_Selenium4_Automation.Login@6b927fb]" started-at="2024-12-03T10:23:11 IST" name="login" finished-at="2024-12-03T10:23:27 IST" duration-ms="16537" status="PASS">
          <reporter-output>
          </reporter-output>
        </test-method> <!-- login -->
      </class> <!-- pim_Selenium4_Automation.Login -->
    </test> <!-- Default test -->
  </suite> <!-- Default suite -->
</testng-results>
